INFO  [alembic.runtime.migration] Context impl SQLiteImpl.
INFO  [alembic.runtime.migration] Will assume non-transactional DDL.
INFO  [alembic.runtime.migration] Running upgrade 8daf6587116c -> 7a25039f37da, add_currency_to_bank_accounts
Traceback (most recent call last):
  File "C:\Users\jupa_\AppData\Local\Programs\Python\Python311\Lib\site-packages\sqlalchemy\engine\base.py", line 1967, in _exec_single_context
    self.dialect.do_execute(
  File "C:\Users\jupa_\AppData\Local\Programs\Python\Python311\Lib\site-packages\sqlalchemy\engine\default.py", line 941, in do_execute
    cursor.execute(statement, parameters)
sqlite3.OperationalError: duplicate column name: currency

The above exception was the direct cause of the following exception:

Traceback (most recent call last):
  File "<frozen runpy>", line 198, in _run_module_as_main
  File "<frozen runpy>", line 88, in _run_code
  File "C:\Users\jupa_\AppData\Local\Programs\Python\Python311\Scripts\alembic.exe\__main__.py", line 7, in <module>
  File "C:\Users\jupa_\AppData\Local\Programs\Python\Python311\Lib\site-packages\alembic\config.py", line 636, in main
    CommandLine(prog=prog).main(argv=argv)
  File "C:\Users\jupa_\AppData\Local\Programs\Python\Python311\Lib\site-packages\alembic\config.py", line 626, in main
    self.run_cmd(cfg, options)
  File "C:\Users\jupa_\AppData\Local\Programs\Python\Python311\Lib\site-packages\alembic\config.py", line 603, in run_cmd
    fn(
  File "C:\Users\jupa_\AppData\Local\Programs\Python\Python311\Lib\site-packages\alembic\command.py", line 406, in upgrade
    script.run_env()
  File "C:\Users\jupa_\AppData\Local\Programs\Python\Python311\Lib\site-packages\alembic\script\base.py", line 586, in run_env
    util.load_python_file(self.dir, "env.py")
  File "C:\Users\jupa_\AppData\Local\Programs\Python\Python311\Lib\site-packages\alembic\util\pyfiles.py", line 95, in load_python_file
    module = load_module_py(module_id, path)
             ^^^^^^^^^^^^^^^^^^^^^^^^^^^^^^^
  File "C:\Users\jupa_\AppData\Local\Programs\Python\Python311\Lib\site-packages\alembic\util\pyfiles.py", line 113, in load_module_py
    spec.loader.exec_module(module)  # type: ignore
    ^^^^^^^^^^^^^^^^^^^^^^^^^^^^^^^
  File "<frozen importlib._bootstrap_external>", line 940, in exec_module
  File "<frozen importlib._bootstrap>", line 241, in _call_with_frames_removed
  File "C:\Users\jupa_\Desktop\proyecto real state\pms-backend\migrations\env.py", line 79, in <module>
    run_migrations_online()
  File "C:\Users\jupa_\Desktop\proyecto real state\pms-backend\migrations\env.py", line 73, in run_migrations_online
    context.run_migrations()
  File "<string>", line 8, in run_migrations
  File "C:\Users\jupa_\AppData\Local\Programs\Python\Python311\Lib\site-packages\alembic\runtime\environment.py", line 946, in run_migrations
    self.get_context().run_migrations(**kw)
  File "C:\Users\jupa_\AppData\Local\Programs\Python\Python311\Lib\site-packages\alembic\runtime\migration.py", line 628, in run_migrations
    step.migration_fn(**kw)
  File "C:\Users\jupa_\Desktop\proyecto real state\pms-backend\migrations\versions\7a25039f37da_add_currency_to_bank_accounts.py", line 23, in upgrade
    with op.batch_alter_table('bank_accounts', schema=None) as batch_op:
  File "C:\Users\jupa_\AppData\Local\Programs\Python\Python311\Lib\contextlib.py", line 144, in __exit__
    next(self.gen)
  File "C:\Users\jupa_\AppData\Local\Programs\Python\Python311\Lib\site-packages\alembic\operations\base.py", line 398, in batch_alter_table
    impl.flush()
  File "C:\Users\jupa_\AppData\Local\Programs\Python\Python311\Lib\site-packages\alembic\operations\batch.py", line 116, in flush
    fn(*arg, **kw)
  File "C:\Users\jupa_\AppData\Local\Programs\Python\Python311\Lib\site-packages\alembic\ddl\impl.py", line 337, in add_column
    self._exec(base.AddColumn(table_name, column, schema=schema))
  File "C:\Users\jupa_\AppData\Local\Programs\Python\Python311\Lib\site-packages\alembic\ddl\impl.py", line 210, in _exec
    return conn.execute(construct, params)
           ^^^^^^^^^^^^^^^^^^^^^^^^^^^^^^^
  File "C:\Users\jupa_\AppData\Local\Programs\Python\Python311\Lib\site-packages\sqlalchemy\engine\base.py", line 1418, in execute
    return meth(
           ^^^^^
  File "C:\Users\jupa_\AppData\Local\Programs\Python\Python311\Lib\site-packages\sqlalchemy\sql\ddl.py", line 180, in _execute_on_connection
    return connection._execute_ddl(
           ^^^^^^^^^^^^^^^^^^^^^^^^
  File "C:\Users\jupa_\AppData\Local\Programs\Python\Python311\Lib\site-packages\sqlalchemy\engine\base.py", line 1529, in _execute_ddl
    ret = self._execute_context(
          ^^^^^^^^^^^^^^^^^^^^^^
  File "C:\Users\jupa_\AppData\Local\Programs\Python\Python311\Lib\site-packages\sqlalchemy\engine\base.py", line 1846, in _execute_context
    return self._exec_single_context(
           ^^^^^^^^^^^^^^^^^^^^^^^^^^
  File "C:\Users\jupa_\AppData\Local\Programs\Python\Python311\Lib\site-packages\sqlalchemy\engine\base.py", line 1986, in _exec_single_context
    self._handle_dbapi_exception(
  File "C:\Users\jupa_\AppData\Local\Programs\Python\Python311\Lib\site-packages\sqlalchemy\engine\base.py", line 2355, in _handle_dbapi_exception
    raise sqlalchemy_exception.with_traceback(exc_info[2]) from e
  File "C:\Users\jupa_\AppData\Local\Programs\Python\Python311\Lib\site-packages\sqlalchemy\engine\base.py", line 1967, in _exec_single_context
    self.dialect.do_execute(
  File "C:\Users\jupa_\AppData\Local\Programs\Python\Python311\Lib\site-packages\sqlalchemy\engine\default.py", line 941, in do_execute
    cursor.execute(statement, parameters)
sqlalchemy.exc.OperationalError: (sqlite3.OperationalError) duplicate column name: currency
[SQL: ALTER TABLE bank_accounts ADD COLUMN currency VARCHAR(3) DEFAULT 'COP' NOT NULL]
(Background on this error at: https://sqlalche.me/e/20/e3q8)
